2025-11-25 15:27:08,058 - INFO - Initializing Unified Detection System...
2025-11-25 15:27:08,058 - INFO - Opening camera 0...
2025-11-25 15:27:10,577 - INFO - Camera initialized: 640x480 @ 30fps
2025-11-25 15:27:10,578 - INFO - Initializing detectors...
2025-11-25 15:27:10,584 - INFO - Motion detector initialized
2025-11-25 15:27:10,584 - INFO - Color detector initialized
2025-11-25 15:27:10,689 - INFO - Object detector initialized
2025-11-25 15:27:10,690 - INFO - Initializing Arduino controller...
2025-11-25 15:27:10,692 - WARNING - Arduino not responding
2025-11-25 15:27:10,692 - INFO - Unified Detection System initialized
2025-11-25 15:27:10,693 - INFO - Starting detection loop...
2025-11-25 15:27:10,693 - INFO - Camera stabilization period...
2025-11-25 15:27:12,707 - INFO - Stabilization complete, starting detection
2025-11-25 15:28:58,120 - INFO - Quit requested by user
2025-11-25 15:28:58,122 - INFO - Cleaning up...
2025-11-25 15:28:58,182 - INFO - Cleanup complete
2025-11-25 16:01:57,736 - INFO - Initializing Unified Detection System...
2025-11-25 16:01:57,737 - INFO - Opening camera 0...
2025-11-25 16:02:00,256 - INFO - Camera initialized: 640x480 @ 30fps
2025-11-25 16:02:00,257 - INFO - Initializing detectors...
2025-11-25 16:02:00,258 - INFO - Motion detector initialized
2025-11-25 16:02:00,259 - INFO - Color detector initialized
2025-11-25 16:02:00,375 - INFO - Object detector initialized
2025-11-25 16:02:00,376 - INFO - Initializing Arduino controller...
2025-11-25 16:02:00,376 - WARNING - Arduino not responding
2025-11-25 16:02:00,377 - INFO - Unified Detection System initialized
2025-11-25 16:02:00,378 - INFO - Starting detection loop...
2025-11-25 16:02:00,378 - INFO - Camera stabilization period...
2025-11-25 16:02:02,880 - INFO - Stabilization complete, starting detection
2025-11-25 16:02:52,746 - INFO - Quit requested by user
2025-11-25 16:02:52,748 - INFO - Cleaning up...
2025-11-25 16:02:52,785 - INFO - Cleanup complete
2025-11-25 16:02:56,441 - INFO - Initializing Unified Detection System...
2025-11-25 16:02:56,442 - INFO - Opening camera 0...
2025-11-25 16:02:58,919 - INFO - Camera initialized: 640x480 @ 30fps
2025-11-25 16:02:58,920 - INFO - Initializing detectors...
2025-11-25 16:02:58,921 - INFO - Motion detector initialized
2025-11-25 16:02:58,921 - INFO - Color detector initialized
2025-11-25 16:02:59,012 - INFO - Object detector initialized
2025-11-25 16:02:59,012 - INFO - Initializing Arduino controller...
2025-11-25 16:02:59,013 - WARNING - Arduino not responding
2025-11-25 16:02:59,013 - INFO - Unified Detection System initialized
2025-11-25 16:02:59,014 - INFO - Starting detection loop...
2025-11-25 16:02:59,014 - INFO - Camera stabilization period...
2025-11-25 16:03:01,522 - INFO - Stabilization complete, starting detection
2025-11-25 16:04:06,358 - INFO - Quit requested by user
2025-11-25 16:04:06,359 - INFO - Cleaning up...
2025-11-25 16:04:06,416 - INFO - Cleanup complete
============================================================
Unified Detection System
2025-11-25 16:15:09,026 - INFO - Initializing Unified Detection System...
Motion + Object + Color Detection with Arduino Control
============================================================
2025-11-25 16:15:09,026 - INFO - Initializing Unified Detection System...
2025-11-25 16:15:09,027 - INFO - Opening camera 0...
2025-11-25 16:15:09,027 - INFO - Opening camera 0...
2025-11-25 16:15:11,558 - INFO - Camera initialized: 640x480 @ 30fps
2025-11-25 16:15:11,558 - INFO - Camera initialized: 640x480 @ 30fps
2025-11-25 16:15:11,559 - INFO - Initializing detectors...
2025-11-25 16:15:11,559 - INFO - Initializing detectors...
2025-11-25 16:15:11,560 - INFO - Motion detector initialized
2025-11-25 16:15:11,560 - INFO - Motion detector initialized
2025-11-25 16:15:11,560 - INFO - Color detector initialized
2025-11-25 16:15:11,560 - INFO - Color detector initialized
Loaded face cascade successfully
Loaded eye cascade successfully
2025-11-25 16:15:11,655 - INFO - Object detector initialized
2025-11-25 16:15:11,655 - INFO - Object detector initialized
2025-11-25 16:15:11,656 - INFO - Initializing Arduino controller...
2025-11-25 16:15:11,656 - INFO - Initializing Arduino controller...
Failed to connect to Arduino: [Errno 2] could not open port /dev/ttyACM0: [Errno 2] No such file or directory: '/dev/ttyACM0'
2025-11-25 16:15:11,657 - WARNING - Arduino not responding
2025-11-25 16:15:11,657 - WARNING - Arduino not responding
2025-11-25 16:15:11,657 - INFO - Unified Detection System initialized
2025-11-25 16:15:11,657 - INFO - Unified Detection System initialized
2025-11-25 16:15:11,657 - INFO - Starting detection loop...
2025-11-25 16:15:11,657 - INFO - Starting detection loop...
2025-11-25 16:15:11,657 - INFO - Camera stabilization period...
2025-11-25 16:15:11,657 - INFO - Camera stabilization period...
2025-11-25 16:15:18,318 - INFO - Stabilization complete, starting detection
2025-11-25 16:15:18,318 - INFO - Stabilization complete, starting detection
