Tue Nov 25 04:14:53 PM IST 2025: Starting Unified Detection System
Tue Nov 25 04:14:58 PM IST 2025: Camera device found
Tue Nov 25 04:15:08 PM IST 2025: WARNING - Arduino device not found, continuing without it
Tue Nov 25 04:15:08 PM IST 2025: Launching detection system
Tue Nov 25 04:48:12 PM IST 2025: Starting Unified Detection System
Tue Nov 25 05:04:04 PM IST 2025: Camera device found
Tue Nov 25 05:04:14 PM IST 2025: WARNING - Arduino device not found, continuing without it
Tue Nov 25 05:04:14 PM IST 2025: Launching detection system
Tue Nov 25 05:21:36 PM IST 2025: Starting Unified Detection System
Tue Nov 25 05:22:54 PM IST 2025: Camera device found
Tue Nov 25 05:23:05 PM IST 2025: WARNING - Arduino device not found, continuing without it
Tue Nov 25 05:23:05 PM IST 2025: Launching detection system
Tue Nov 25 05:48:31 PM IST 2025: Starting Unified Detection System
Tue Nov 25 05:48:36 PM IST 2025: Camera device found
Tue Nov 25 05:48:36 PM IST 2025: Arduino device found at /dev/ttyACM0
Tue Nov 25 05:48:36 PM IST 2025: Launching detection system
Tue Nov 25 06:03:09 PM IST 2025: Starting Unified Detection System
Tue Nov 25 06:03:14 PM IST 2025: Camera device found
Tue Nov 25 06:03:14 PM IST 2025: Arduino device found at /dev/ttyACM0
Tue Nov 25 06:03:14 PM IST 2025: Launching detection system
